This is pdfTeX, Version 3.141592653-2.6-1.40.25 (TeX Live 2023/Arch Linux) (preloaded format=pdftex 2023.9.30)  30 SEP 2023 11:58
entering extended mode
 restricted \write18 enabled.
 %&-line parsing enabled.
**CV.tex
(./CV.tex
! Undefined control sequence.
l.1 \documentclass
                  [12pt, letterpaper]{article}
? 
! Undefined control sequence.
l.2 \begin
          {document}
? 
[1{/var/lib/texmf/fonts/map/pdftex/updmap/pdftex.map}] )</usr/share/texmf-dist/
fonts/type1/public/amsfonts/cm/cmr10.pfb>
Output written on CV.pdf (1 page, 15655 bytes).
PDF statistics:
 12 PDF objects out of 1000 (max. 8388607)
 7 compressed objects within 1 object stream
 0 named destinations out of 1000 (max. 500000)
 1 words of extra memory for PDF output out of 10000 (max. 10000000)

